<?xml version="1.0" encoding="UTF-8"?>
<!-- Generated by org.testng.reporters.JUnitReportReporter -->
<testsuite hostname="Balaji" failures="0" tests="1" name="selenium.Testng" time="0.011" errors="0" timestamp="2025-04-14T15:38:32 IST" skipped="0">
  <testcase classname="selenium.Testng" name="get" time="0.011"/>
</testsuite> <!-- selenium.Testng -->
