<?xml version="1.0" encoding="UTF-8"?>
<!-- Generated by org.testng.reporters.JUnitReportReporter -->
<testsuite hostname="Balaji" failures="0" tests="2" name="selenium.LearnParameters" time="26.384" errors="0" timestamp="2025-04-22T19:03:24 IST" skipped="0">
  <testcase classname="selenium.LearnParameters" name="learnparam" time="13.236"/>
  <testcase classname="selenium.LearnParameters" name="learnparam" time="13.148"/>
</testsuite> <!-- selenium.LearnParameters -->
