<?xml version="1.0" encoding="UTF-8"?>
<!-- Generated by org.testng.reporters.JUnitReportReporter -->
<testsuite hostname="Balaji" failures="0" tests="1" name="cucumber.TestNGTestRunner" time="8.617" errors="0" timestamp="2025-06-10T21:01:59 IST" skipped="0">
  <testcase classname="cucumber.TestNGTestRunner" name="runScenario" time="8.617"/>
</testsuite> <!-- cucumber.TestNGTestRunner -->
