<?xml version="1.0" encoding="UTF-8"?>
<!-- Generated by org.testng.reporters.JUnitReportReporter -->
<testsuite hostname="Balaji" failures="0" tests="2" name="selenium.PracticeTestng" time="0.014" errors="0" timestamp="2025-04-17T20:03:51 IST" skipped="0">
  <testcase classname="selenium.PracticeTestng" name="signup" time="0.005"/>
  <testcase classname="selenium.PracticeTestng" name="searchProduct" time="0.009"/>
</testsuite> <!-- selenium.PracticeTestng -->
