<?xml version="1.0" encoding="UTF-8"?>
<!-- Generated by org.testng.reporters.JUnitReportReporter -->
<testsuite hostname="Balaji" failures="0" tests="3" name="com.testend.pageobjectmodel.SubmitOrderTest" time="44.266" errors="0" timestamp="2025-06-01T19:37:17 IST" skipped="0">
  <testcase classname="com.testend.pageobjectmodel.SubmitOrderTest" name="orderHistoryTest" time="5.861"/>
  <testcase classname="com.testend.pageobjectmodel.SubmitOrderTest" name="submitTest" time="19.759"/>
  <testcase classname="com.testend.pageobjectmodel.SubmitOrderTest" name="submitTest" time="18.646"/>
</testsuite> <!-- com.testend.pageobjectmodel.SubmitOrderTest -->
